2021-03-19 18:38:01,268:INFO:
=======
models:u3,
epoch:21,
batch size:1
dataset:driveEye
========
2021-03-19 18:38:01,831:INFO:Epoch 0/20
2021-03-19 18:39:26,767:INFO:1/20,train_loss:0.589
2021-03-19 18:40:46,296:INFO:2/20,train_loss:0.888
2021-03-19 18:42:07,500:INFO:3/20,train_loss:0.351
2021-03-19 18:43:31,503:INFO:4/20,train_loss:0.430
2021-03-19 18:44:58,133:INFO:5/20,train_loss:0.368
2021-03-19 18:46:28,050:INFO:6/20,train_loss:0.255
2021-03-19 18:47:54,693:INFO:7/20,train_loss:0.384
2021-03-19 18:49:16,935:INFO:8/20,train_loss:0.319
2021-03-19 18:50:36,789:INFO:9/20,train_loss:0.263
2021-03-19 18:51:59,999:INFO:10/20,train_loss:0.265
2021-03-19 18:53:28,336:INFO:11/20,train_loss:0.283
2021-03-19 18:54:53,070:INFO:12/20,train_loss:0.259
2021-03-19 18:56:18,351:INFO:13/20,train_loss:0.266
2021-03-19 18:57:49,658:INFO:14/20,train_loss:0.240
2021-03-19 18:59:16,416:INFO:15/20,train_loss:0.264
2021-03-19 19:00:44,119:INFO:16/20,train_loss:0.286
2021-03-19 19:02:10,875:INFO:17/20,train_loss:0.255
2021-03-19 19:03:38,207:INFO:18/20,train_loss:0.257
2021-03-19 19:05:07,798:INFO:19/20,train_loss:0.304
2021-03-19 19:06:37,283:INFO:20/20,train_loss:0.224
2021-03-19 19:10:42,468:INFO:
=======
models:u3,
epoch:21,
batch size:1
dataset:driveEye
========
2021-03-19 19:10:43,075:INFO:Epoch 0/20
