2021-03-18 19:53:00,145:INFO:
=======
models:Attention_UNet,
epoch:21,
batch size:1
dataset:driveEye
========
2021-03-18 19:53:00,331:INFO:Epoch 0/20
2021-03-18 19:53:26,565:INFO:1/20,train_loss:0.717
2021-03-18 19:53:52,216:INFO:2/20,train_loss:0.678
2021-03-18 19:54:17,973:INFO:3/20,train_loss:0.606
2021-03-18 19:54:43,567:INFO:4/20,train_loss:0.549
2021-03-18 19:55:08,840:INFO:5/20,train_loss:0.518
2021-03-18 19:55:34,044:INFO:6/20,train_loss:0.482
2021-03-18 19:55:59,277:INFO:7/20,train_loss:0.467
2021-03-18 19:56:24,342:INFO:8/20,train_loss:0.452
2021-03-18 19:56:49,320:INFO:9/20,train_loss:0.451
2021-03-18 19:57:14,170:INFO:10/20,train_loss:0.435
2021-03-18 19:57:49,263:INFO:11/20,train_loss:0.438
2021-03-18 19:58:28,636:INFO:12/20,train_loss:0.419
2021-03-18 19:59:06,656:INFO:13/20,train_loss:0.420
2021-03-18 19:59:43,678:INFO:14/20,train_loss:0.408
2021-03-18 20:00:20,804:INFO:15/20,train_loss:0.403
2021-03-18 20:00:57,867:INFO:16/20,train_loss:0.404
2021-03-18 20:01:26,067:INFO:17/20,train_loss:0.392
2021-03-18 20:01:51,063:INFO:18/20,train_loss:0.379
2021-03-18 20:02:15,883:INFO:19/20,train_loss:0.398
2021-03-18 20:02:40,797:INFO:20/20,train_loss:0.364
2021-03-18 20:07:08,210:INFO:Miou=0.000000,aver_hd=12.232894,aver_dice=0.000000
2021-03-18 20:07:08,210:INFO:aver_iou:0.0 > best_iou:0
2021-03-18 20:07:08,210:INFO:===========>save best model!
2021-03-18 21:57:53,510:INFO:
=======
models:Attention_UNet,
epoch:21,
batch size:1
dataset:driveEye
========
2021-03-18 21:57:53,700:INFO:Epoch 0/20
2021-03-18 21:58:25,889:INFO:1/20,train_loss:0.626
2021-03-18 21:59:06,458:INFO:2/20,train_loss:0.595
2021-03-18 21:59:43,432:INFO:3/20,train_loss:0.524
2021-03-18 22:00:20,687:INFO:4/20,train_loss:0.476
2021-03-18 22:00:58,176:INFO:5/20,train_loss:0.449
2021-03-18 22:01:33,176:INFO:6/20,train_loss:0.405
2021-03-18 22:02:05,390:INFO:7/20,train_loss:0.404
2021-03-18 22:04:10,765:INFO:8/20,train_loss:0.385
2021-03-18 22:05:55,709:INFO:9/20,train_loss:0.381
2021-03-18 22:09:16,594:INFO:10/20,train_loss:0.370
2021-03-18 22:19:05,054:INFO:11/20,train_loss:0.365
2021-03-18 22:29:06,241:INFO:12/20,train_loss:0.353
2021-03-19 01:01:58,581:INFO:13/20,train_loss:0.359
2021-03-19 06:27:45,568:INFO:14/20,train_loss:0.340
2021-03-19 09:00:43,497:INFO:15/20,train_loss:0.341
2021-03-19 10:19:07,690:INFO:16/20,train_loss:0.347
2021-03-19 11:51:12,156:INFO:17/20,train_loss:0.332
2021-03-19 11:51:42,234:INFO:18/20,train_loss:0.324
2021-03-19 11:52:08,886:INFO:19/20,train_loss:0.351
2021-03-19 11:52:36,233:INFO:20/20,train_loss:0.304
2021-03-19 11:57:12,695:INFO:Miou=0.000773,aver_hd=12.232894,aver_dice=0.001538
2021-03-19 11:57:12,696:INFO:aver_iou:0.0007731068372511589 > best_iou:0
2021-03-19 11:57:12,696:INFO:===========>save best model!
2021-03-19 22:56:20,923:INFO:
=======
models:Attention_UNet,
epoch:21,
batch size:1
dataset:driveEye
========
2021-03-19 22:56:21,493:INFO:Epoch 0/20
2021-03-19 22:57:50,436:INFO:1/20,train_loss:0.691
2021-03-19 22:59:12,494:INFO:2/20,train_loss:0.818
2021-03-19 23:00:35,731:INFO:3/20,train_loss:0.422
2021-03-19 23:01:57,285:INFO:4/20,train_loss:0.407
2021-03-19 23:03:24,584:INFO:5/20,train_loss:0.342
